<?xml version="1.0" encoding="UTF-8"?>
<testsuite xmlns:xsi="http://www.w3.org/2001/XMLSchema-instance" xsi:noNamespaceSchemaLocation="https://maven.apache.org/surefire/maven-surefire-plugin/xsd/surefire-test-report-3.0.xsd" version="3.0" name="Login Functionality" time="16.375" tests="2" errors="0" skipped="0" failures="0">
  <properties>
[...]
</properties>
  <testcase name="Login succeful" classname="Login Functionality" time="16.302">
    <system-out><![CDATA[Feature: Login Functionality

 			In order to do Internet banking
 			As a para bank customer 
 			I want to Login successfully 



  Scenario Outline: Login succeful &amp#27;[90m# src/test/resources/Login.feature:7&amp#27;[0m

    &amp#27;[36mGiven i am in the login page of the para bank Application&amp#27;[0m

    &amp#27;[36mWhen I enter a valid <username> and <password> with <userFullName>&amp#27;[0m

    &amp#27;[36mThen I should be taken to the Overview page&amp#27;[0m



    Examples: 



  Scenario Outline: Login succeful                                   &amp#27;[90m# src/test/resources/Login.feature:15&amp#27;[0m

    &amp#27;[32mGiven &amp#27;[0m&amp#27;[32mi am in the login page of the para bank Application&amp#27;[0m        &amp#27;[90m# com.practise.steps.Steps.i_am_in_the_login_page_of_the_para_bank_Application() in file:/C:/Users/Gawish/eclipse-workspace/practise-cucumber/target/test-classes/&amp#27;[0m

    &amp#27;[32mWhen &amp#27;[0m&amp#27;[32mI enter a valid &amp#27;[0m&amp#27;[32m&amp#27;[1m"mahmoudtest"&amp#27;[0m&amp#27;[32m and &amp#27;[0m&amp#27;[32m&amp#27;[1m"123123"&amp#27;[0m&amp#27;[32m with &amp#27;[0m&amp#27;[32m&amp#27;[1m"test yyyy"&amp#27;[0m &amp#27;[90m# com.practise.steps.Steps.i_enter_a_valid_cridential(String,String,String) in file:/C:/Users/Gawish/eclipse-workspace/practise-cucumber/target/test-classes/&amp#27;[0m

    &amp#27;[32mThen &amp#27;[0m&amp#27;[32mI should be taken to the Overview page&amp#27;[0m                      &amp#27;[90m# com.practise.steps.Steps.i_should_be_taken_to_the_Overview_page() in file:/C:/Users/Gawish/eclipse-workspace/practise-cucumber/target/test-classes/&amp#27;[0m



Feature: Login Functionality

 			In order to do Internet banking
 			As a para bank customer 
 			I want to Login successfully 



  Scenario Outline: Login succeful &amp#27;[90m# src/test/resources/Login2.feature:7&amp#27;[0m

    &amp#27;[36mGiven i am in the login page of the para bank Application&amp#27;[0m

    &amp#27;[36mWhen I enter a valid <username> and <password> with <userFullName>&amp#27;[0m

    &amp#27;[36mThen I should be taken to the Overview page&amp#27;[0m



    Examples: 



  Scenario Outline: Login succeful                                   &amp#27;[90m# src/test/resources/Login2.feature:15&amp#27;[0m

    &amp#27;[32mGiven &amp#27;[0m&amp#27;[32mi am in the login page of the para bank Application&amp#27;[0m        &amp#27;[90m# com.practise.steps.Steps.i_am_in_the_login_page_of_the_para_bank_Application() in file:/C:/Users/Gawish/eclipse-workspace/practise-cucumber/target/test-classes/&amp#27;[0m

    &amp#27;[32mWhen &amp#27;[0m&amp#27;[32mI enter a valid &amp#27;[0m&amp#27;[32m&amp#27;[1m"mahmoudtest"&amp#27;[0m&amp#27;[32m and &amp#27;[0m&amp#27;[32m&amp#27;[1m"123123"&amp#27;[0m&amp#27;[32m with &amp#27;[0m&amp#27;[32m&amp#27;[1m"test yyyy"&amp#27;[0m &amp#27;[90m# com.practise.steps.Steps.i_enter_a_valid_cridential(String,String,String) in file:/C:/Users/Gawish/eclipse-workspace/practise-cucumber/target/test-classes/&amp#27;[0m

    &amp#27;[32mThen &amp#27;[0m&amp#27;[32mI should be taken to the Overview page&amp#27;[0m                      &amp#27;[90m# com.practise.steps.Steps.i_should_be_taken_to_the_Overview_page() in file:/C:/Users/Gawish/eclipse-workspace/practise-cucumber/target/test-classes/&amp#27;[0m


2
 Scenarios (
&amp#27;[32m2 passed&amp#27;[0m
)
6
 Steps (
&amp#27;[32m6 passed&amp#27;[0m
)
0m
16.380s


test yyyy
]]></system-out>
    <system-err><![CDATA[SLF4J: Failed to load class "org.slf4j.impl.StaticLoggerBinder".
SLF4J: Defaulting to no-operation (NOP) logger implementation
SLF4J: See http://www.slf4j.org/codes.html#StaticLoggerBinder for further details.
Starting ChromeDriver 91.0.4472.101 (af52a90bf87030dd1523486a1cd3ae25c5d76c9b-refs/branch-heads/4472@{#1462}) on port 36235
Only local connections are allowed.
Please see https://chromedriver.chromium.org/security-considerations for suggestions on keeping ChromeDriver safe.
ChromeDriver was started successfully.
Jun 23, 2021 4:24:34 PM org.openqa.selenium.remote.ProtocolHandshake createSession
INFO: Detected dialect: W3C
]]></system-err>
  </testcase>
  <testcase name="Login succeful" classname="Login Functionality" time="16.375">
    <system-out><![CDATA[test yyyy
]]></system-out>
    <system-err><![CDATA[Starting ChromeDriver 91.0.4472.101 (af52a90bf87030dd1523486a1cd3ae25c5d76c9b-refs/branch-heads/4472@{#1462}) on port 7878
Only local connections are allowed.
Please see https://chromedriver.chromium.org/security-considerations for suggestions on keeping ChromeDriver safe.
ChromeDriver was started successfully.
Jun 23, 2021 4:24:34 PM org.openqa.selenium.remote.ProtocolHandshake createSession
INFO: Detected dialect: W3C
]]></system-err>
  </testcase>
</testsuite>